2020-06-14 14:03:05,288 ERROR o.s.j.e.s.SpatialModelPlugin [main] Trying to unregister something that does not have a spatial id: "listOfAdjacentDomains []".
2020-06-14 14:03:05,386 ERROR o.s.j.e.s.SpatialModelPlugin [main] Trying to unregister something that does not have a spatial id: "listOfCoordinateComponents []".
2020-06-14 14:03:05,388 ERROR o.s.j.e.s.SpatialModelPlugin [main] Trying to unregister something that does not have a spatial id: "listOfDomains []".
2020-06-14 14:03:05,389 ERROR o.s.j.e.s.SpatialModelPlugin [main] Trying to unregister something that does not have a spatial id: "listOfDomainTypes []".
2020-06-14 14:03:05,389 ERROR o.s.j.e.s.SpatialModelPlugin [main] Trying to unregister something that does not have a spatial id: "listOfSampledFieldGeometrys []".
2020-06-14 14:03:05,394 ERROR o.s.j.e.s.SpatialModelPlugin [main] Trying to unregister something that does not have a spatial id: "listOfSampledFields []".
2020-07-19 12:05:06,240 ERROR o.s.j.e.s.SpatialModelPlugin [main] Trying to unregister something that does not have a spatial id: "listOfAdjacentDomains []".
2020-07-19 12:05:06,304 ERROR o.s.j.e.s.SpatialModelPlugin [main] Trying to unregister something that does not have a spatial id: "listOfCoordinateComponents []".
2020-07-19 12:05:06,305 ERROR o.s.j.e.s.SpatialModelPlugin [main] Trying to unregister something that does not have a spatial id: "listOfDomains []".
2020-07-19 12:05:06,305 ERROR o.s.j.e.s.SpatialModelPlugin [main] Trying to unregister something that does not have a spatial id: "listOfDomainTypes []".
2020-07-19 12:05:06,305 ERROR o.s.j.e.s.SpatialModelPlugin [main] Trying to unregister something that does not have a spatial id: "listOfSampledFieldGeometrys []".
2020-07-19 12:05:06,306 ERROR o.s.j.e.s.SpatialModelPlugin [main] Trying to unregister something that does not have a spatial id: "listOfSampledFields []".
2020-07-19 12:18:02,114 ERROR o.s.j.e.s.SpatialModelPlugin [main] Trying to unregister something that does not have a spatial id: "listOfAdjacentDomains []".
2020-07-19 12:18:02,120 ERROR o.s.j.e.s.SpatialModelPlugin [main] Trying to unregister something that does not have a spatial id: "listOfCoordinateComponents []".
2020-07-19 12:18:02,121 ERROR o.s.j.e.s.SpatialModelPlugin [main] Trying to unregister something that does not have a spatial id: "listOfDomains []".
2020-07-19 12:18:02,123 ERROR o.s.j.e.s.SpatialModelPlugin [main] Trying to unregister something that does not have a spatial id: "listOfDomainTypes []".
2020-07-19 12:18:02,124 ERROR o.s.j.e.s.SpatialModelPlugin [main] Trying to unregister something that does not have a spatial id: "listOfSampledFieldGeometrys []".
2020-07-19 12:18:02,125 ERROR o.s.j.e.s.SpatialModelPlugin [main] Trying to unregister something that does not have a spatial id: "listOfSampledFields []".
2020-07-19 13:30:49,844 ERROR o.s.j.e.s.SpatialModelPlugin [main] Trying to unregister something that does not have a spatial id: "listOfAdjacentDomains []".
2020-07-19 13:30:49,852 ERROR o.s.j.e.s.SpatialModelPlugin [main] Trying to unregister something that does not have a spatial id: "listOfCoordinateComponents []".
2020-07-19 13:30:49,853 ERROR o.s.j.e.s.SpatialModelPlugin [main] Trying to unregister something that does not have a spatial id: "listOfDomains []".
2020-07-19 13:30:49,854 ERROR o.s.j.e.s.SpatialModelPlugin [main] Trying to unregister something that does not have a spatial id: "listOfDomainTypes []".
2020-07-19 13:30:49,854 ERROR o.s.j.e.s.SpatialModelPlugin [main] Trying to unregister something that does not have a spatial id: "listOfSampledFieldGeometrys []".
2020-07-19 13:30:49,855 ERROR o.s.j.e.s.SpatialModelPlugin [main] Trying to unregister something that does not have a spatial id: "listOfSampledFields []".
2020-07-19 14:16:39,491 ERROR o.s.j.e.s.SpatialModelPlugin [main] Trying to unregister something that does not have a spatial id: "listOfAdjacentDomains []".
2020-07-19 14:16:39,495 ERROR o.s.j.e.s.SpatialModelPlugin [main] Trying to unregister something that does not have a spatial id: "listOfCoordinateComponents []".
2020-07-19 14:16:39,496 ERROR o.s.j.e.s.SpatialModelPlugin [main] Trying to unregister something that does not have a spatial id: "listOfDomains []".
2020-07-19 14:16:39,498 ERROR o.s.j.e.s.SpatialModelPlugin [main] Trying to unregister something that does not have a spatial id: "listOfDomainTypes []".
2020-07-19 14:16:39,498 ERROR o.s.j.e.s.SpatialModelPlugin [main] Trying to unregister something that does not have a spatial id: "listOfSampledFieldGeometrys []".
2020-07-19 14:16:39,500 ERROR o.s.j.e.s.SpatialModelPlugin [main] Trying to unregister something that does not have a spatial id: "listOfSampledFields []".
2020-07-19 14:21:20,721 ERROR o.s.j.e.s.SpatialModelPlugin [main] Trying to unregister something that does not have a spatial id: "listOfAdjacentDomains []".
2020-07-19 14:21:20,725 ERROR o.s.j.e.s.SpatialModelPlugin [main] Trying to unregister something that does not have a spatial id: "listOfCoordinateComponents []".
2020-07-19 14:21:20,727 ERROR o.s.j.e.s.SpatialModelPlugin [main] Trying to unregister something that does not have a spatial id: "listOfDomains []".
2020-07-19 14:21:20,729 ERROR o.s.j.e.s.SpatialModelPlugin [main] Trying to unregister something that does not have a spatial id: "listOfDomainTypes []".
2020-07-19 14:21:20,729 ERROR o.s.j.e.s.SpatialModelPlugin [main] Trying to unregister something that does not have a spatial id: "listOfSampledFieldGeometrys []".
2020-07-19 14:21:20,730 ERROR o.s.j.e.s.SpatialModelPlugin [main] Trying to unregister something that does not have a spatial id: "listOfSampledFields []".
2020-07-19 14:30:44,820 ERROR o.s.j.e.s.SpatialModelPlugin [main] Trying to unregister something that does not have a spatial id: "listOfAdjacentDomains []".
2020-07-19 14:30:44,823 ERROR o.s.j.e.s.SpatialModelPlugin [main] Trying to unregister something that does not have a spatial id: "listOfCoordinateComponents []".
2020-07-19 14:30:44,824 ERROR o.s.j.e.s.SpatialModelPlugin [main] Trying to unregister something that does not have a spatial id: "listOfDomains []".
2020-07-19 14:30:44,825 ERROR o.s.j.e.s.SpatialModelPlugin [main] Trying to unregister something that does not have a spatial id: "listOfDomainTypes []".
2020-07-19 14:30:44,827 ERROR o.s.j.e.s.SpatialModelPlugin [main] Trying to unregister something that does not have a spatial id: "listOfSampledFieldGeometrys []".
2020-07-19 14:30:44,830 ERROR o.s.j.e.s.SpatialModelPlugin [main] Trying to unregister something that does not have a spatial id: "listOfSampledFields []".
2020-07-19 14:34:30,622 ERROR o.s.j.e.s.SpatialModelPlugin [main] Trying to unregister something that does not have a spatial id: "listOfAdjacentDomains []".
2020-07-19 14:34:30,655 ERROR o.s.j.e.s.SpatialModelPlugin [main] Trying to unregister something that does not have a spatial id: "listOfCoordinateComponents []".
2020-07-19 14:34:30,656 ERROR o.s.j.e.s.SpatialModelPlugin [main] Trying to unregister something that does not have a spatial id: "listOfDomains []".
2020-07-19 14:34:30,657 ERROR o.s.j.e.s.SpatialModelPlugin [main] Trying to unregister something that does not have a spatial id: "listOfDomainTypes []".
2020-07-19 14:34:30,658 ERROR o.s.j.e.s.SpatialModelPlugin [main] Trying to unregister something that does not have a spatial id: "listOfSampledFieldGeometrys []".
2020-07-19 14:34:30,660 ERROR o.s.j.e.s.SpatialModelPlugin [main] Trying to unregister something that does not have a spatial id: "listOfSampledFields []".
2020-07-19 14:38:39,966 ERROR o.s.j.e.s.SpatialModelPlugin [main] Trying to unregister something that does not have a spatial id: "listOfAdjacentDomains []".
2020-07-19 14:38:39,970 ERROR o.s.j.e.s.SpatialModelPlugin [main] Trying to unregister something that does not have a spatial id: "listOfCoordinateComponents []".
2020-07-19 14:38:39,970 ERROR o.s.j.e.s.SpatialModelPlugin [main] Trying to unregister something that does not have a spatial id: "listOfDomains []".
2020-07-19 14:38:39,971 ERROR o.s.j.e.s.SpatialModelPlugin [main] Trying to unregister something that does not have a spatial id: "listOfDomainTypes []".
2020-07-19 14:38:39,972 ERROR o.s.j.e.s.SpatialModelPlugin [main] Trying to unregister something that does not have a spatial id: "listOfSampledFieldGeometrys []".
2020-07-19 14:38:39,972 ERROR o.s.j.e.s.SpatialModelPlugin [main] Trying to unregister something that does not have a spatial id: "listOfSampledFields []".
2020-07-19 14:59:11,332 ERROR o.s.j.e.s.SpatialModelPlugin [main] Trying to unregister something that does not have a spatial id: "listOfAdjacentDomains []".
2020-07-19 14:59:11,338 ERROR o.s.j.e.s.SpatialModelPlugin [main] Trying to unregister something that does not have a spatial id: "listOfCoordinateComponents []".
2020-07-19 14:59:11,340 ERROR o.s.j.e.s.SpatialModelPlugin [main] Trying to unregister something that does not have a spatial id: "listOfDomains []".
2020-07-19 14:59:11,343 ERROR o.s.j.e.s.SpatialModelPlugin [main] Trying to unregister something that does not have a spatial id: "listOfDomainTypes []".
2020-07-19 14:59:11,343 ERROR o.s.j.e.s.SpatialModelPlugin [main] Trying to unregister something that does not have a spatial id: "listOfSampledFieldGeometrys []".
2020-07-19 14:59:11,344 ERROR o.s.j.e.s.SpatialModelPlugin [main] Trying to unregister something that does not have a spatial id: "listOfSampledFields []".
2020-07-19 15:22:17,447 ERROR o.s.j.e.s.SpatialModelPlugin [main] Trying to unregister something that does not have a spatial id: "listOfAdjacentDomains []".
2020-07-19 15:22:17,480 ERROR o.s.j.e.s.SpatialModelPlugin [main] Trying to unregister something that does not have a spatial id: "listOfCoordinateComponents []".
2020-07-19 15:22:17,481 ERROR o.s.j.e.s.SpatialModelPlugin [main] Trying to unregister something that does not have a spatial id: "listOfDomains []".
2020-07-19 15:22:17,482 ERROR o.s.j.e.s.SpatialModelPlugin [main] Trying to unregister something that does not have a spatial id: "listOfDomainTypes []".
2020-07-19 15:22:17,483 ERROR o.s.j.e.s.SpatialModelPlugin [main] Trying to unregister something that does not have a spatial id: "listOfSampledFieldGeometrys []".
2020-07-19 15:22:17,483 ERROR o.s.j.e.s.SpatialModelPlugin [main] Trying to unregister something that does not have a spatial id: "listOfSampledFields []".
2020-07-19 15:30:17,646 ERROR o.s.j.e.s.SpatialModelPlugin [main] Trying to unregister something that does not have a spatial id: "listOfAdjacentDomains []".
2020-07-19 15:30:17,651 ERROR o.s.j.e.s.SpatialModelPlugin [main] Trying to unregister something that does not have a spatial id: "listOfCoordinateComponents []".
2020-07-19 15:30:17,654 ERROR o.s.j.e.s.SpatialModelPlugin [main] Trying to unregister something that does not have a spatial id: "listOfDomains []".
2020-07-19 15:30:17,658 ERROR o.s.j.e.s.SpatialModelPlugin [main] Trying to unregister something that does not have a spatial id: "listOfDomainTypes []".
2020-07-19 15:30:17,660 ERROR o.s.j.e.s.SpatialModelPlugin [main] Trying to unregister something that does not have a spatial id: "listOfSampledFieldGeometrys []".
2020-07-19 15:30:17,661 ERROR o.s.j.e.s.SpatialModelPlugin [main] Trying to unregister something that does not have a spatial id: "listOfSampledFields []".
2020-07-19 15:34:22,663 ERROR o.s.j.e.s.SpatialModelPlugin [main] Trying to unregister something that does not have a spatial id: "listOfAdjacentDomains []".
2020-07-19 15:34:22,668 ERROR o.s.j.e.s.SpatialModelPlugin [main] Trying to unregister something that does not have a spatial id: "listOfCoordinateComponents []".
2020-07-19 15:34:22,669 ERROR o.s.j.e.s.SpatialModelPlugin [main] Trying to unregister something that does not have a spatial id: "listOfDomains []".
2020-07-19 15:34:22,671 ERROR o.s.j.e.s.SpatialModelPlugin [main] Trying to unregister something that does not have a spatial id: "listOfDomainTypes []".
2020-07-19 15:34:22,672 ERROR o.s.j.e.s.SpatialModelPlugin [main] Trying to unregister something that does not have a spatial id: "listOfSampledFieldGeometrys []".
2020-07-19 15:34:22,674 ERROR o.s.j.e.s.SpatialModelPlugin [main] Trying to unregister something that does not have a spatial id: "listOfSampledFields []".
2020-07-19 15:39:20,721 ERROR o.s.j.e.s.SpatialModelPlugin [main] Trying to unregister something that does not have a spatial id: "listOfAdjacentDomains []".
2020-07-19 15:39:20,724 ERROR o.s.j.e.s.SpatialModelPlugin [main] Trying to unregister something that does not have a spatial id: "listOfCoordinateComponents []".
2020-07-19 15:39:20,725 ERROR o.s.j.e.s.SpatialModelPlugin [main] Trying to unregister something that does not have a spatial id: "listOfDomains []".
2020-07-19 15:39:20,725 ERROR o.s.j.e.s.SpatialModelPlugin [main] Trying to unregister something that does not have a spatial id: "listOfDomainTypes []".
2020-07-19 15:39:20,726 ERROR o.s.j.e.s.SpatialModelPlugin [main] Trying to unregister something that does not have a spatial id: "listOfSampledFieldGeometrys []".
2020-07-19 15:39:20,727 ERROR o.s.j.e.s.SpatialModelPlugin [main] Trying to unregister something that does not have a spatial id: "listOfSampledFields []".
2020-07-19 15:43:21,674 ERROR o.s.j.e.s.SpatialModelPlugin [main] Trying to unregister something that does not have a spatial id: "listOfAdjacentDomains []".
2020-07-19 15:43:21,679 ERROR o.s.j.e.s.SpatialModelPlugin [main] Trying to unregister something that does not have a spatial id: "listOfCoordinateComponents []".
2020-07-19 15:43:21,679 ERROR o.s.j.e.s.SpatialModelPlugin [main] Trying to unregister something that does not have a spatial id: "listOfDomains []".
2020-07-19 15:43:21,680 ERROR o.s.j.e.s.SpatialModelPlugin [main] Trying to unregister something that does not have a spatial id: "listOfDomainTypes []".
2020-07-19 15:43:21,680 ERROR o.s.j.e.s.SpatialModelPlugin [main] Trying to unregister something that does not have a spatial id: "listOfSampledFieldGeometrys []".
2020-07-19 15:43:21,682 ERROR o.s.j.e.s.SpatialModelPlugin [main] Trying to unregister something that does not have a spatial id: "listOfSampledFields []".
2020-07-19 15:48:03,378 ERROR o.s.j.e.s.SpatialModelPlugin [main] Trying to unregister something that does not have a spatial id: "listOfAdjacentDomains []".
2020-07-19 15:48:03,384 ERROR o.s.j.e.s.SpatialModelPlugin [main] Trying to unregister something that does not have a spatial id: "listOfCoordinateComponents []".
2020-07-19 15:48:03,385 ERROR o.s.j.e.s.SpatialModelPlugin [main] Trying to unregister something that does not have a spatial id: "listOfDomains []".
2020-07-19 15:48:03,386 ERROR o.s.j.e.s.SpatialModelPlugin [main] Trying to unregister something that does not have a spatial id: "listOfDomainTypes []".
2020-07-19 15:48:03,387 ERROR o.s.j.e.s.SpatialModelPlugin [main] Trying to unregister something that does not have a spatial id: "listOfSampledFieldGeometrys []".
2020-07-19 15:48:03,387 ERROR o.s.j.e.s.SpatialModelPlugin [main] Trying to unregister something that does not have a spatial id: "listOfSampledFields []".
2020-07-19 15:52:19,311 ERROR o.s.j.e.s.SpatialModelPlugin [main] Trying to unregister something that does not have a spatial id: "listOfAdjacentDomains []".
2020-07-19 15:52:19,316 ERROR o.s.j.e.s.SpatialModelPlugin [main] Trying to unregister something that does not have a spatial id: "listOfCoordinateComponents []".
2020-07-19 15:52:19,318 ERROR o.s.j.e.s.SpatialModelPlugin [main] Trying to unregister something that does not have a spatial id: "listOfDomains []".
2020-07-19 15:52:19,319 ERROR o.s.j.e.s.SpatialModelPlugin [main] Trying to unregister something that does not have a spatial id: "listOfDomainTypes []".
2020-07-19 15:52:19,320 ERROR o.s.j.e.s.SpatialModelPlugin [main] Trying to unregister something that does not have a spatial id: "listOfSampledFieldGeometrys []".
2020-07-19 15:52:19,321 ERROR o.s.j.e.s.SpatialModelPlugin [main] Trying to unregister something that does not have a spatial id: "listOfSampledFields []".
2020-07-19 15:57:30,418 ERROR o.s.j.e.s.SpatialModelPlugin [main] Trying to unregister something that does not have a spatial id: "listOfAdjacentDomains []".
2020-07-19 15:57:30,422 ERROR o.s.j.e.s.SpatialModelPlugin [main] Trying to unregister something that does not have a spatial id: "listOfCoordinateComponents []".
2020-07-19 15:57:30,423 ERROR o.s.j.e.s.SpatialModelPlugin [main] Trying to unregister something that does not have a spatial id: "listOfDomains []".
2020-07-19 15:57:30,424 ERROR o.s.j.e.s.SpatialModelPlugin [main] Trying to unregister something that does not have a spatial id: "listOfDomainTypes []".
2020-07-19 15:57:30,424 ERROR o.s.j.e.s.SpatialModelPlugin [main] Trying to unregister something that does not have a spatial id: "listOfSampledFieldGeometrys []".
2020-07-19 15:57:30,425 ERROR o.s.j.e.s.SpatialModelPlugin [main] Trying to unregister something that does not have a spatial id: "listOfSampledFields []".
2020-07-19 16:01:49,664 ERROR o.s.j.e.s.SpatialModelPlugin [main] Trying to unregister something that does not have a spatial id: "listOfAdjacentDomains []".
2020-07-19 16:01:49,672 ERROR o.s.j.e.s.SpatialModelPlugin [main] Trying to unregister something that does not have a spatial id: "listOfCoordinateComponents []".
2020-07-19 16:01:49,673 ERROR o.s.j.e.s.SpatialModelPlugin [main] Trying to unregister something that does not have a spatial id: "listOfDomains []".
2020-07-19 16:01:49,674 ERROR o.s.j.e.s.SpatialModelPlugin [main] Trying to unregister something that does not have a spatial id: "listOfDomainTypes []".
2020-07-19 16:01:49,675 ERROR o.s.j.e.s.SpatialModelPlugin [main] Trying to unregister something that does not have a spatial id: "listOfSampledFieldGeometrys []".
2020-07-19 16:01:49,675 ERROR o.s.j.e.s.SpatialModelPlugin [main] Trying to unregister something that does not have a spatial id: "listOfSampledFields []".
2020-07-19 16:05:27,806 ERROR o.s.j.e.s.SpatialModelPlugin [main] Trying to unregister something that does not have a spatial id: "listOfAdjacentDomains []".
2020-07-19 16:05:27,813 ERROR o.s.j.e.s.SpatialModelPlugin [main] Trying to unregister something that does not have a spatial id: "listOfCoordinateComponents []".
2020-07-19 16:05:27,814 ERROR o.s.j.e.s.SpatialModelPlugin [main] Trying to unregister something that does not have a spatial id: "listOfDomains []".
2020-07-19 16:05:27,818 ERROR o.s.j.e.s.SpatialModelPlugin [main] Trying to unregister something that does not have a spatial id: "listOfDomainTypes []".
2020-07-19 16:05:27,821 ERROR o.s.j.e.s.SpatialModelPlugin [main] Trying to unregister something that does not have a spatial id: "listOfSampledFieldGeometrys []".
2020-07-19 16:05:27,822 ERROR o.s.j.e.s.SpatialModelPlugin [main] Trying to unregister something that does not have a spatial id: "listOfSampledFields []".
2020-07-19 16:08:28,133 ERROR o.s.j.e.s.SpatialModelPlugin [main] Trying to unregister something that does not have a spatial id: "listOfAdjacentDomains []".
2020-07-19 16:08:28,136 ERROR o.s.j.e.s.SpatialModelPlugin [main] Trying to unregister something that does not have a spatial id: "listOfCoordinateComponents []".
2020-07-19 16:08:28,137 ERROR o.s.j.e.s.SpatialModelPlugin [main] Trying to unregister something that does not have a spatial id: "listOfDomains []".
2020-07-19 16:08:28,139 ERROR o.s.j.e.s.SpatialModelPlugin [main] Trying to unregister something that does not have a spatial id: "listOfDomainTypes []".
2020-07-19 16:08:28,139 ERROR o.s.j.e.s.SpatialModelPlugin [main] Trying to unregister something that does not have a spatial id: "listOfSampledFieldGeometrys []".
2020-07-19 16:08:28,139 ERROR o.s.j.e.s.SpatialModelPlugin [main] Trying to unregister something that does not have a spatial id: "listOfSampledFields []".
2020-07-19 16:13:37,361 ERROR o.s.j.e.s.SpatialModelPlugin [main] Trying to unregister something that does not have a spatial id: "listOfAdjacentDomains []".
2020-07-19 16:13:37,367 ERROR o.s.j.e.s.SpatialModelPlugin [main] Trying to unregister something that does not have a spatial id: "listOfCoordinateComponents []".
2020-07-19 16:13:37,368 ERROR o.s.j.e.s.SpatialModelPlugin [main] Trying to unregister something that does not have a spatial id: "listOfDomains []".
2020-07-19 16:13:37,368 ERROR o.s.j.e.s.SpatialModelPlugin [main] Trying to unregister something that does not have a spatial id: "listOfDomainTypes []".
2020-07-19 16:13:37,369 ERROR o.s.j.e.s.SpatialModelPlugin [main] Trying to unregister something that does not have a spatial id: "listOfSampledFieldGeometrys []".
2020-07-19 16:13:37,370 ERROR o.s.j.e.s.SpatialModelPlugin [main] Trying to unregister something that does not have a spatial id: "listOfSampledFields []".
2020-07-19 16:16:21,609 ERROR o.s.j.e.s.SpatialModelPlugin [main] Trying to unregister something that does not have a spatial id: "listOfAdjacentDomains []".
2020-07-19 16:16:21,613 ERROR o.s.j.e.s.SpatialModelPlugin [main] Trying to unregister something that does not have a spatial id: "listOfCoordinateComponents []".
2020-07-19 16:16:21,613 ERROR o.s.j.e.s.SpatialModelPlugin [main] Trying to unregister something that does not have a spatial id: "listOfDomains []".
2020-07-19 16:16:21,614 ERROR o.s.j.e.s.SpatialModelPlugin [main] Trying to unregister something that does not have a spatial id: "listOfDomainTypes []".
2020-07-19 16:16:21,616 ERROR o.s.j.e.s.SpatialModelPlugin [main] Trying to unregister something that does not have a spatial id: "listOfSampledFieldGeometrys []".
2020-07-19 16:16:21,616 ERROR o.s.j.e.s.SpatialModelPlugin [main] Trying to unregister something that does not have a spatial id: "listOfSampledFields []".
2020-08-05 15:40:08,836 ERROR o.s.j.e.s.SpatialModelPlugin [main] Trying to unregister something that does not have a spatial id: "listOfAdjacentDomains []".
2020-08-05 15:40:08,932 ERROR o.s.j.e.s.SpatialModelPlugin [main] Trying to unregister something that does not have a spatial id: "listOfCoordinateComponents []".
2020-08-05 15:40:08,933 ERROR o.s.j.e.s.SpatialModelPlugin [main] Trying to unregister something that does not have a spatial id: "listOfDomains []".
2020-08-05 15:40:08,933 ERROR o.s.j.e.s.SpatialModelPlugin [main] Trying to unregister something that does not have a spatial id: "listOfDomainTypes []".
2020-08-05 15:40:08,934 ERROR o.s.j.e.s.SpatialModelPlugin [main] Trying to unregister something that does not have a spatial id: "listOfSampledFieldGeometrys []".
2020-08-05 15:40:08,934 ERROR o.s.j.e.s.SpatialModelPlugin [main] Trying to unregister something that does not have a spatial id: "listOfSampledFields []".
2020-08-07 20:24:01,113 ERROR o.s.j.e.s.SpatialModelPlugin [main] Trying to unregister something that does not have a spatial id: "listOfAdjacentDomains []".
2020-08-07 20:24:01,299 ERROR o.s.j.e.s.SpatialModelPlugin [main] Trying to unregister something that does not have a spatial id: "listOfCoordinateComponents []".
2020-08-07 20:24:01,300 ERROR o.s.j.e.s.SpatialModelPlugin [main] Trying to unregister something that does not have a spatial id: "listOfDomains []".
2020-08-07 20:24:01,300 ERROR o.s.j.e.s.SpatialModelPlugin [main] Trying to unregister something that does not have a spatial id: "listOfDomainTypes []".
2020-08-07 20:24:01,301 ERROR o.s.j.e.s.SpatialModelPlugin [main] Trying to unregister something that does not have a spatial id: "listOfSampledFieldGeometrys []".
2020-08-07 20:24:01,301 ERROR o.s.j.e.s.SpatialModelPlugin [main] Trying to unregister something that does not have a spatial id: "listOfSampledFields []".
2020-08-07 21:17:08,264 ERROR o.s.j.e.s.SpatialModelPlugin [main] Trying to unregister something that does not have a spatial id: "listOfAdjacentDomains []".
2020-08-07 21:17:08,375 ERROR o.s.j.e.s.SpatialModelPlugin [main] Trying to unregister something that does not have a spatial id: "listOfCoordinateComponents []".
2020-08-07 21:17:08,376 ERROR o.s.j.e.s.SpatialModelPlugin [main] Trying to unregister something that does not have a spatial id: "listOfDomains []".
2020-08-07 21:17:08,379 ERROR o.s.j.e.s.SpatialModelPlugin [main] Trying to unregister something that does not have a spatial id: "listOfDomainTypes []".
2020-08-07 21:17:08,381 ERROR o.s.j.e.s.SpatialModelPlugin [main] Trying to unregister something that does not have a spatial id: "listOfSampledFieldGeometrys []".
2020-08-07 21:17:08,383 ERROR o.s.j.e.s.SpatialModelPlugin [main] Trying to unregister something that does not have a spatial id: "listOfSampledFields []".
2020-08-08 12:27:59,888 ERROR o.s.j.e.s.SpatialModelPlugin [main] Trying to unregister something that does not have a spatial id: "listOfAdjacentDomains []".
2020-08-08 12:28:00,556 ERROR o.s.j.e.s.SpatialModelPlugin [main] Trying to unregister something that does not have a spatial id: "listOfCoordinateComponents []".
2020-08-08 12:28:00,557 ERROR o.s.j.e.s.SpatialModelPlugin [main] Trying to unregister something that does not have a spatial id: "listOfDomains []".
2020-08-08 12:28:00,559 ERROR o.s.j.e.s.SpatialModelPlugin [main] Trying to unregister something that does not have a spatial id: "listOfDomainTypes []".
2020-08-08 12:28:00,561 ERROR o.s.j.e.s.SpatialModelPlugin [main] Trying to unregister something that does not have a spatial id: "listOfSampledFieldGeometrys []".
2020-08-08 12:28:00,562 ERROR o.s.j.e.s.SpatialModelPlugin [main] Trying to unregister something that does not have a spatial id: "listOfSampledFields []".
2020-08-08 13:28:06,781 ERROR o.s.j.e.s.SpatialModelPlugin [main] Trying to unregister something that does not have a spatial id: "listOfAdjacentDomains []".
2020-08-08 13:28:06,964 ERROR o.s.j.e.s.SpatialModelPlugin [main] Trying to unregister something that does not have a spatial id: "listOfCoordinateComponents []".
2020-08-08 13:28:06,966 ERROR o.s.j.e.s.SpatialModelPlugin [main] Trying to unregister something that does not have a spatial id: "listOfDomains []".
2020-08-08 13:28:06,968 ERROR o.s.j.e.s.SpatialModelPlugin [main] Trying to unregister something that does not have a spatial id: "listOfDomainTypes []".
2020-08-08 13:28:06,970 ERROR o.s.j.e.s.SpatialModelPlugin [main] Trying to unregister something that does not have a spatial id: "listOfSampledFieldGeometrys []".
2020-08-08 13:28:06,971 ERROR o.s.j.e.s.SpatialModelPlugin [main] Trying to unregister something that does not have a spatial id: "listOfSampledFields []".
2020-08-08 14:55:15,788 ERROR o.s.j.e.s.SpatialModelPlugin [main] Trying to unregister something that does not have a spatial id: "listOfAdjacentDomains []".
2020-08-08 14:55:16,073 ERROR o.s.j.e.s.SpatialModelPlugin [main] Trying to unregister something that does not have a spatial id: "listOfCoordinateComponents []".
2020-08-08 14:55:16,075 ERROR o.s.j.e.s.SpatialModelPlugin [main] Trying to unregister something that does not have a spatial id: "listOfDomains []".
2020-08-08 14:55:16,077 ERROR o.s.j.e.s.SpatialModelPlugin [main] Trying to unregister something that does not have a spatial id: "listOfDomainTypes []".
2020-08-08 14:55:16,080 ERROR o.s.j.e.s.SpatialModelPlugin [main] Trying to unregister something that does not have a spatial id: "listOfSampledFieldGeometrys []".
2020-08-08 14:55:16,082 ERROR o.s.j.e.s.SpatialModelPlugin [main] Trying to unregister something that does not have a spatial id: "listOfSampledFields []".
2020-08-08 14:59:58,459 ERROR o.s.j.e.s.SpatialModelPlugin [main] Trying to unregister something that does not have a spatial id: "listOfAdjacentDomains []".
2020-08-08 14:59:58,463 ERROR o.s.j.e.s.SpatialModelPlugin [main] Trying to unregister something that does not have a spatial id: "listOfCoordinateComponents []".
2020-08-08 14:59:58,464 ERROR o.s.j.e.s.SpatialModelPlugin [main] Trying to unregister something that does not have a spatial id: "listOfDomains []".
2020-08-08 14:59:58,465 ERROR o.s.j.e.s.SpatialModelPlugin [main] Trying to unregister something that does not have a spatial id: "listOfDomainTypes []".
2020-08-08 14:59:58,466 ERROR o.s.j.e.s.SpatialModelPlugin [main] Trying to unregister something that does not have a spatial id: "listOfSampledFieldGeometrys []".
2020-08-08 14:59:58,467 ERROR o.s.j.e.s.SpatialModelPlugin [main] Trying to unregister something that does not have a spatial id: "listOfSampledFields []".
2020-08-08 15:00:44,628 ERROR o.s.j.e.s.SpatialModelPlugin [main] Trying to unregister something that does not have a spatial id: "listOfAdjacentDomains []".
2020-08-08 15:00:44,650 ERROR o.s.j.e.s.SpatialModelPlugin [main] Trying to unregister something that does not have a spatial id: "listOfCoordinateComponents []".
2020-08-08 15:00:44,651 ERROR o.s.j.e.s.SpatialModelPlugin [main] Trying to unregister something that does not have a spatial id: "listOfDomains []".
2020-08-08 15:00:44,652 ERROR o.s.j.e.s.SpatialModelPlugin [main] Trying to unregister something that does not have a spatial id: "listOfDomainTypes []".
2020-08-08 15:00:44,652 ERROR o.s.j.e.s.SpatialModelPlugin [main] Trying to unregister something that does not have a spatial id: "listOfSampledFieldGeometrys []".
2020-08-08 15:00:44,652 ERROR o.s.j.e.s.SpatialModelPlugin [main] Trying to unregister something that does not have a spatial id: "listOfSampledFields []".
2020-08-08 15:02:00,719 ERROR o.s.j.e.s.SpatialModelPlugin [main] Trying to unregister something that does not have a spatial id: "listOfAdjacentDomains []".
2020-08-08 15:02:00,722 ERROR o.s.j.e.s.SpatialModelPlugin [main] Trying to unregister something that does not have a spatial id: "listOfCoordinateComponents []".
2020-08-08 15:02:00,722 ERROR o.s.j.e.s.SpatialModelPlugin [main] Trying to unregister something that does not have a spatial id: "listOfDomains []".
2020-08-08 15:02:00,723 ERROR o.s.j.e.s.SpatialModelPlugin [main] Trying to unregister something that does not have a spatial id: "listOfDomainTypes []".
2020-08-08 15:02:00,723 ERROR o.s.j.e.s.SpatialModelPlugin [main] Trying to unregister something that does not have a spatial id: "listOfSampledFieldGeometrys []".
2020-08-08 15:02:00,724 ERROR o.s.j.e.s.SpatialModelPlugin [main] Trying to unregister something that does not have a spatial id: "listOfSampledFields []".
2020-08-08 15:08:12,031 ERROR o.s.j.e.s.SpatialModelPlugin [main] Trying to unregister something that does not have a spatial id: "listOfAdjacentDomains []".
2020-08-08 15:08:12,034 ERROR o.s.j.e.s.SpatialModelPlugin [main] Trying to unregister something that does not have a spatial id: "listOfCoordinateComponents []".
2020-08-08 15:08:12,034 ERROR o.s.j.e.s.SpatialModelPlugin [main] Trying to unregister something that does not have a spatial id: "listOfDomains []".
2020-08-08 15:08:12,035 ERROR o.s.j.e.s.SpatialModelPlugin [main] Trying to unregister something that does not have a spatial id: "listOfDomainTypes []".
2020-08-08 15:08:12,035 ERROR o.s.j.e.s.SpatialModelPlugin [main] Trying to unregister something that does not have a spatial id: "listOfSampledFieldGeometrys []".
2020-08-08 15:08:12,035 ERROR o.s.j.e.s.SpatialModelPlugin [main] Trying to unregister something that does not have a spatial id: "listOfSampledFields []".
2020-08-08 15:09:15,321 ERROR o.s.j.e.s.SpatialModelPlugin [main] Trying to unregister something that does not have a spatial id: "listOfAdjacentDomains []".
2020-08-08 15:09:15,324 ERROR o.s.j.e.s.SpatialModelPlugin [main] Trying to unregister something that does not have a spatial id: "listOfCoordinateComponents []".
2020-08-08 15:09:15,325 ERROR o.s.j.e.s.SpatialModelPlugin [main] Trying to unregister something that does not have a spatial id: "listOfDomains []".
2020-08-08 15:09:15,326 ERROR o.s.j.e.s.SpatialModelPlugin [main] Trying to unregister something that does not have a spatial id: "listOfDomainTypes []".
2020-08-08 15:09:15,326 ERROR o.s.j.e.s.SpatialModelPlugin [main] Trying to unregister something that does not have a spatial id: "listOfSampledFieldGeometrys []".
2020-08-08 15:09:15,327 ERROR o.s.j.e.s.SpatialModelPlugin [main] Trying to unregister something that does not have a spatial id: "listOfSampledFields []".
2020-08-08 15:10:35,620 ERROR o.s.j.e.s.SpatialModelPlugin [main] Trying to unregister something that does not have a spatial id: "listOfAdjacentDomains []".
2020-08-08 15:10:35,624 ERROR o.s.j.e.s.SpatialModelPlugin [main] Trying to unregister something that does not have a spatial id: "listOfCoordinateComponents []".
2020-08-08 15:10:35,625 ERROR o.s.j.e.s.SpatialModelPlugin [main] Trying to unregister something that does not have a spatial id: "listOfDomains []".
2020-08-08 15:10:35,625 ERROR o.s.j.e.s.SpatialModelPlugin [main] Trying to unregister something that does not have a spatial id: "listOfDomainTypes []".
2020-08-08 15:10:35,626 ERROR o.s.j.e.s.SpatialModelPlugin [main] Trying to unregister something that does not have a spatial id: "listOfSampledFieldGeometrys []".
2020-08-08 15:10:35,626 ERROR o.s.j.e.s.SpatialModelPlugin [main] Trying to unregister something that does not have a spatial id: "listOfSampledFields []".
2020-08-08 15:21:05,976 ERROR o.s.j.e.s.SpatialModelPlugin [main] Trying to unregister something that does not have a spatial id: "listOfAdjacentDomains []".
2020-08-08 15:21:05,979 ERROR o.s.j.e.s.SpatialModelPlugin [main] Trying to unregister something that does not have a spatial id: "listOfCoordinateComponents []".
2020-08-08 15:21:05,980 ERROR o.s.j.e.s.SpatialModelPlugin [main] Trying to unregister something that does not have a spatial id: "listOfDomains []".
2020-08-08 15:21:05,981 ERROR o.s.j.e.s.SpatialModelPlugin [main] Trying to unregister something that does not have a spatial id: "listOfDomainTypes []".
2020-08-08 15:21:05,982 ERROR o.s.j.e.s.SpatialModelPlugin [main] Trying to unregister something that does not have a spatial id: "listOfSampledFieldGeometrys []".
2020-08-08 15:21:05,983 ERROR o.s.j.e.s.SpatialModelPlugin [main] Trying to unregister something that does not have a spatial id: "listOfSampledFields []".
2020-08-09 00:53:39,000 ERROR o.s.j.e.s.SpatialModelPlugin [main] Trying to unregister something that does not have a spatial id: "listOfAdjacentDomains []".
2020-08-09 00:53:39,086 ERROR o.s.j.e.s.SpatialModelPlugin [main] Trying to unregister something that does not have a spatial id: "listOfCoordinateComponents []".
2020-08-09 00:53:39,087 ERROR o.s.j.e.s.SpatialModelPlugin [main] Trying to unregister something that does not have a spatial id: "listOfDomains []".
2020-08-09 00:53:39,089 ERROR o.s.j.e.s.SpatialModelPlugin [main] Trying to unregister something that does not have a spatial id: "listOfDomainTypes []".
2020-08-09 00:53:39,092 ERROR o.s.j.e.s.SpatialModelPlugin [main] Trying to unregister something that does not have a spatial id: "listOfSampledFieldGeometrys []".
2020-08-09 00:53:39,093 ERROR o.s.j.e.s.SpatialModelPlugin [main] Trying to unregister something that does not have a spatial id: "listOfSampledFields []".
2020-08-09 00:59:25,172 ERROR o.s.j.e.s.SpatialModelPlugin [main] Trying to unregister something that does not have a spatial id: "listOfAdjacentDomains []".
2020-08-09 00:59:25,175 ERROR o.s.j.e.s.SpatialModelPlugin [main] Trying to unregister something that does not have a spatial id: "listOfCoordinateComponents []".
2020-08-09 00:59:25,176 ERROR o.s.j.e.s.SpatialModelPlugin [main] Trying to unregister something that does not have a spatial id: "listOfDomains []".
2020-08-09 00:59:25,177 ERROR o.s.j.e.s.SpatialModelPlugin [main] Trying to unregister something that does not have a spatial id: "listOfDomainTypes []".
2020-08-09 00:59:25,178 ERROR o.s.j.e.s.SpatialModelPlugin [main] Trying to unregister something that does not have a spatial id: "listOfSampledFieldGeometrys []".
2020-08-09 00:59:25,179 ERROR o.s.j.e.s.SpatialModelPlugin [main] Trying to unregister something that does not have a spatial id: "listOfSampledFields []".
